0 info it worked if it ends with ok
1 verbose cli [ '/usr/local/Cellar/node/5.3.0/bin/node',
1 verbose cli   '/usr/local/bin/npm',
1 verbose cli   'run',
1 verbose cli   'watch' ]
2 info using npm@3.3.12
3 info using node@v5.3.0
4 verbose run-script [ 'prewatch', 'watch', 'postwatch' ]
5 info lifecycle newedenfaces@1.0.0~prewatch: newedenfaces@1.0.0
6 silly lifecycle newedenfaces@1.0.0~prewatch: no script for prewatch, continuing
7 info lifecycle newedenfaces@1.0.0~watch: newedenfaces@1.0.0
8 verbose lifecycle newedenfaces@1.0.0~watch: unsafe-perm in lifecycle true
9 verbose lifecycle newedenfaces@1.0.0~watch: PATH: /usr/local/lib/node_modules/npm/bin/node-gyp-bin:/Users/iq72/Documents/git/expressReact/node_modules/.bin:/usr/local/bin:/usr/bin:/bin:/usr/sbin:/sbin:/usr/local/aria2/bin
10 verbose lifecycle newedenfaces@1.0.0~watch: CWD: /Users/iq72/Documents/git/expressReact
11 silly lifecycle newedenfaces@1.0.0~watch: Args: [ '-c', 'nodemon --exec babel-node -- server.js' ]
12 info lifecycle newedenfaces@1.0.0~watch: Failed to exec watch script
13 verbose stack Error: newedenfaces@1.0.0 watch: `nodemon --exec babel-node -- server.js`
13 verbose stack spawn ENOENT
13 verbose stack     at ChildProcess.<anonymous> (/usr/local/lib/node_modules/npm/lib/utils/spawn.js:17:16)
13 verbose stack     at emitTwo (events.js:87:13)
13 verbose stack     at ChildProcess.emit (events.js:172:7)
13 verbose stack     at maybeClose (internal/child_process.js:818:16)
13 verbose stack     at Process.ChildProcess._handle.onexit (internal/child_process.js:211:5)
14 verbose pkgid newedenfaces@1.0.0
15 verbose cwd /Users/iq72/Documents/git/expressReact
16 error Darwin 14.1.0
17 error argv "/usr/local/Cellar/node/5.3.0/bin/node" "/usr/local/bin/npm" "run" "watch"
18 error node v5.3.0
19 error npm  v3.3.12
20 error file sh
21 error code ELIFECYCLE
22 error errno ENOENT
23 error syscall spawn
24 error newedenfaces@1.0.0 watch: `nodemon --exec babel-node -- server.js`
24 error spawn ENOENT
25 error Failed at the newedenfaces@1.0.0 watch script 'nodemon --exec babel-node -- server.js'.
25 error Make sure you have the latest version of node.js and npm installed.
25 error If you do, this is most likely a problem with the newedenfaces package,
25 error not with npm itself.
25 error Tell the author that this fails on your system:
25 error     nodemon --exec babel-node -- server.js
25 error You can get their info via:
25 error     npm owner ls newedenfaces
25 error There is likely additional logging output above.
26 verbose exit [ 1, true ]
